d:\student project c++\student project\student project\debug\vc143.pdb
d:\student project c++\student project\student project\debug\vc143.idb
d:\student project c++\student project\student project\debug\roomboss.obj
d:\student project c++\student project\student project\debug\room.obj
d:\student project c++\student project\student project\debug\gobject.obj
d:\student project c++\student project\student project\debug\floor.obj
d:\student project c++\student project\student project\debug\door.obj
d:\student project c++\student project\student project\debug\settingsmenue.obj
d:\student project c++\student project\student project\debug\hud.obj
d:\student project c++\student project\student project\debug\gswitch.obj
d:\student project c++\student project\student project\debug\gslider.obj
d:\student project c++\student project\student project\debug\gplate.obj
d:\student project c++\student project\student project\debug\gbutton.obj
d:\student project c++\student project\student project\debug\gcycle.obj
d:\student project c++\student project\student project\debug\undead.obj
d:\student project c++\student project\student project\debug\sword.obj
d:\student project c++\student project\student project\debug\slime.obj
d:\student project c++\student project\student project\debug\player.obj
d:\student project c++\student project\student project\debug\orc.obj
d:\student project c++\student project\student project\debug\entity.obj
d:\student project c++\student project\student project\debug\enemy.obj
d:\student project c++\student project\student project\debug\demon.obj
d:\student project c++\student project\student project\debug\mousedata.obj
d:\student project c++\student project\student project\debug\gresources.obj
d:\student project c++\student project\student project\debug\ginput.obj
d:\student project c++\student project\student project\debug\settings.obj
d:\student project c++\student project\student project\debug\main.obj
d:\student project c++\student project\student project\debug\gexception.obj
d:\student project c++\student project\student project\debug\gamelog.obj
d:\student project c++\student project\student project\debug\diftools.obj
d:\student project c++\student project\student project\debug\menuescene.obj
d:\student project c++\student project\student project\debug\levelscene.obj
d:\student project c++\student project\student project\debug\grender.obj
d:\student project c++\student project\student project\debug\animation.obj
d:\student project c++\student project\student project\debug\wall.obj
d:\student project c++\student project\student project\debug\roomundead.obj
d:\student project c++\student project\student project\debug\roomslime.obj
d:\student project c++\student project\student project\debug\roomorc.obj
d:\student project c++\student project\student project\debug\roomdemon.obj
d:\student project c++\student project\student project\debug\audiomanager.obj
d:\student project c++\student project\debug\solo dungeon.exe
d:\student project c++\student project\student project\debug\solo dungeon.ilk
d:\student project c++\student project\debug\solo dungeon.pdb
d:\student project c++\student project\student project\debug\student project.tlog\cl.command.1.tlog
d:\student project c++\student project\student project\debug\student project.tlog\cl.read.1.tlog
d:\student project c++\student project\student project\debug\student project.tlog\cl.write.1.tlog
d:\student project c++\student project\student project\debug\student project.tlog\link.command.1.tlog
d:\student project c++\student project\student project\debug\student project.tlog\link.read.1.tlog
d:\student project c++\student project\student project\debug\student project.tlog\link.write.1.tlog
