==================================================
[Log id]: 1, [Date-Time]: Mon Jan  2 15:42:38 2023
--------------------------------------------------
Settings were successfully loaded!
==================================================
[Log id]: 2, [Date-Time]: Mon Jan  2 15:42:38 2023
--------------------------------------------------
Game input was successfully loaded!
==================================================
[Log id]: 3, [Date-Time]: Mon Jan  2 15:42:38 2023
--------------------------------------------------
All fonts were loaded!
==================================================
[Log id]: 4, [Date-Time]: Mon Jan  2 15:42:38 2023
--------------------------------------------------
Audio was loaded!
==================================================
[Log id]: 5, [Date-Time]: Mon Jan  2 15:42:38 2023
--------------------------------------------------
Settings menue was initialized!
==================================================
[Log id]: 6, [Date-Time]: Mon Jan  2 15:42:38 2023
--------------------------------------------------
Menue scene was initialized!
==================================================
[Log id]: 7, [Date-Time]: Mon Jan  2 15:42:38 2023
--------------------------------------------------
Game cycle started!
==================================================
[Log id]: 8, [Date-Time]: Mon Jan  2 15:42:38 2023
--------------------------------------------------
Menue scene thread has started!
==================================================
[Log id]: 9, [Date-Time]: Mon Jan  2 15:42:39 2023
--------------------------------------------------
Game events count: 1
==================================================
[Log id]: 10, [Date-Time]: Mon Jan  2 15:42:39 2023
--------------------------------------------------
Game event: start gameplay!
==================================================
[Log id]: 11, [Date-Time]: Mon Jan  2 15:42:39 2023
--------------------------------------------------
Level scene resources are loaded!
==================================================
[Log id]: 12, [Date-Time]: Mon Jan  2 15:42:39 2023
--------------------------------------------------
Level scene was initialized!
==================================================
[Log id]: 13, [Date-Time]: Mon Jan  2 15:42:39 2023
--------------------------------------------------
Settings menue was destroyed!
==================================================
[Log id]: 14, [Date-Time]: Mon Jan  2 15:42:39 2023
--------------------------------------------------
Menue scene was destroyed!
==================================================
[Log id]: 15, [Date-Time]: Mon Jan  2 15:42:39 2023
--------------------------------------------------
Level scene thread has started!
==================================================
[Log id]: 16, [Date-Time]: Mon Jan  2 15:42:47 2023
--------------------------------------------------
Player has passed THE UNDEAD ROOM
==================================================
[Log id]: 17, [Date-Time]: Mon Jan  2 15:42:49 2023
--------------------------------------------------
Game events count: 1
==================================================
[Log id]: 18, [Date-Time]: Mon Jan  2 15:42:49 2023
--------------------------------------------------
Game event: start main menue!
==================================================
[Log id]: 19, [Date-Time]: Mon Jan  2 15:42:49 2023
--------------------------------------------------
Settings menue was initialized!
==================================================
[Log id]: 20, [Date-Time]: Mon Jan  2 15:42:49 2023
--------------------------------------------------
Menue scene was initialized!
==================================================
[Log id]: 21, [Date-Time]: Mon Jan  2 15:42:49 2023
--------------------------------------------------
Level scene was destroyed!
==================================================
[Log id]: 22, [Date-Time]: Mon Jan  2 15:42:49 2023
--------------------------------------------------
Menue scene thread has started!
==================================================
[Log id]: 23, [Date-Time]: Mon Jan  2 15:42:50 2023
--------------------------------------------------
Game events count: 1
==================================================
[Log id]: 24, [Date-Time]: Mon Jan  2 15:42:50 2023
--------------------------------------------------
Game event: quit from the game!
==================================================
[Log id]: 25, [Date-Time]: Mon Jan  2 15:42:50 2023
--------------------------------------------------
Render process was stopped!
==================================================
[Log id]: 26, [Date-Time]: Mon Jan  2 15:42:50 2023
--------------------------------------------------
Settings menue was destroyed!
==================================================
[Log id]: 27, [Date-Time]: Mon Jan  2 15:42:50 2023
--------------------------------------------------
Menue scene was destroyed!
