  player.cpp
D:\Student project C++\Student project\Student project\src\entities\player.cpp(55,35): warning C4244: аргумент: преобразование "double" в "_Ty", возможна потеря данных
          with
          [
              _Ty=unsigned int
          ]
D:\Student project C++\Student project\Student project\src\entities\player.cpp(62,35): warning C4244: аргумент: преобразование "double" в "_Ty", возможна потеря данных
          with
          [
              _Ty=unsigned int
          ]
  sword.cpp
D:\Student project C++\Student project\Student project\src\entities\sword.cpp(30,60): warning C4244: аргумент: преобразование "int" в "T", возможна потеря данных
          with
          [
              T=float
          ]
D:\Student project C++\Student project\Student project\src\entities\sword.cpp(171,63): warning C4244: аргумент: преобразование "T" в "T", возможна потеря данных
          with
          [
              T=int
          ]
          and
          [
              T=float
          ]
D:\Student project C++\Student project\Student project\src\entities\sword.cpp(171,39): warning C4244: аргумент: преобразование "T" в "T", возможна потеря данных
          with
          [
              T=int
          ]
          and
          [
              T=float
          ]
  gcycle.cpp
D:\Student project C++\Student project\Student project\src\gcycle.cpp(19,12): warning C4244: аргумент: преобразование "time_t" в "unsigned int", возможна потеря данных
  gbutton.cpp
  gplate.cpp
  gslider.cpp
  gswitch.cpp
  hud.cpp
  settingsmenue.cpp
D:\Student project C++\Student project\Student project\src\gui\settingsmenue.cpp(29,69): warning C4244: аргумент: преобразование "T" в "T", возможна потеря данных
          with
          [
              T=unsigned int
          ]
          and
          [
              T=float
          ]
D:\Student project C++\Student project\Student project\src\gui\settingsmenue.cpp(29,53): warning C4244: аргумент: преобразование "T" в "T", возможна потеря данных
          with
          [
              T=unsigned int
          ]
          and
          [
              T=float
          ]
D:\Student project C++\Student project\Student project\src\gui\settingsmenue.cpp(43,69): warning C4244: аргумент: преобразование "T" в "T", возможна потеря данных
          with
          [
              T=unsigned int
          ]
          and
          [
              T=float
          ]
D:\Student project C++\Student project\Student project\src\gui\settingsmenue.cpp(43,53): warning C4244: аргумент: преобразование "T" в "T", возможна потеря данных
          with
          [
              T=unsigned int
          ]
          and
          [
              T=float
          ]
D:\Student project C++\Student project\Student project\src\gui\settingsmenue.cpp(57,72): warning C4244: аргумент: преобразование "T" в "T", возможна потеря данных
          with
          [
              T=unsigned int
          ]
          and
          [
              T=float
          ]
D:\Student project C++\Student project\Student project\src\gui\settingsmenue.cpp(57,56): warning C4244: аргумент: преобразование "T" в "T", возможна потеря данных
          with
          [
              T=unsigned int
          ]
          and
          [
              T=float
          ]
  main.cpp
  grender.cpp
D:\Student project C++\Student project\Student project\src\render\grender.cpp(56,115): warning C4244: аргумент: преобразование "const unsigned int" в "T", возможна потеря данных
          with
          [
              T=float
          ]
D:\Student project C++\Student project\Student project\src\render\grender.cpp(56,87): warning C4244: аргумент: преобразование "const unsigned int" в "T", возможна потеря данных
          with
          [
              T=float
          ]
  settings.cpp
  levelscene.cpp
  menuescene.cpp
D:\Student project C++\Student project\Student project\src\scenes\menuescene.cpp(14,20): warning C4244: инициализация: преобразование "const unsigned int" в "float", возможна потеря данных
D:\Student project C++\Student project\Student project\src\scenes\menuescene.cpp(15,21): warning C4244: инициализация: преобразование "const unsigned int" в "float", возможна потеря данных
D:\Student project C++\Student project\Student project\src\scenes\menuescene.cpp(48,66): warning C4244: аргумент: преобразование "unsigned int" в "float", возможна потеря данных
  gamelog.cpp
D:\Student project C++\Student project\Student project\src\tools\gamelog.cpp(55,25): warning C4101: e: неиспользованная локальная переменная
  ginput.cpp
  gresources.cpp
  Создание кода
  Previous IPDB and IOBJ mismatch, fall back to full compilation.
D:\Student project C++\Student project\Student project\src\tools\ginput.cpp(215): warning C4715: GameInput::getActionString: значение возвращается не при всех путях выполнения
  All 1264 functions were compiled because no usable IPDB/IOBJ from previous compilation was found.
  Создание кода завершено
  Student project.vcxproj -> D:\Student project C++\Student project\Release\Solo Dungeon.exe
