==================================================
[Log id]: 1, [Date-Time]: Mon Jan  2 15:42:00 2023
--------------------------------------------------
Settings were successfully loaded!
==================================================
[Log id]: 2, [Date-Time]: Mon Jan  2 15:42:00 2023
--------------------------------------------------
Game input was successfully loaded!
==================================================
[Log id]: 3, [Date-Time]: Mon Jan  2 15:42:00 2023
--------------------------------------------------
All fonts were loaded!
==================================================
[Log id]: 4, [Date-Time]: Mon Jan  2 15:42:00 2023
--------------------------------------------------
Audio was loaded!
==================================================
[Log id]: 5, [Date-Time]: Mon Jan  2 15:42:00 2023
--------------------------------------------------
Settings menue was initialized!
==================================================
[Log id]: 6, [Date-Time]: Mon Jan  2 15:42:00 2023
--------------------------------------------------
Menue scene was initialized!
==================================================
[Log id]: 7, [Date-Time]: Mon Jan  2 15:42:00 2023
--------------------------------------------------
Game cycle started!
==================================================
[Log id]: 8, [Date-Time]: Mon Jan  2 15:42:00 2023
--------------------------------------------------
Menue scene thread has started!
==================================================
[Log id]: 9, [Date-Time]: Mon Jan  2 15:42:01 2023
--------------------------------------------------
Game events count: 1
==================================================
[Log id]: 10, [Date-Time]: Mon Jan  2 15:42:01 2023
--------------------------------------------------
Game event: quit from the game!
==================================================
[Log id]: 11, [Date-Time]: Mon Jan  2 15:42:01 2023
--------------------------------------------------
Render process was stopped!
==================================================
[Log id]: 12, [Date-Time]: Mon Jan  2 15:42:01 2023
--------------------------------------------------
Settings menue was destroyed!
==================================================
[Log id]: 13, [Date-Time]: Mon Jan  2 15:42:01 2023
--------------------------------------------------
Menue scene was destroyed!
